[2020-03-07 13:47:55,112: DEBUG/MainProcess] | Worker: Preparing bootsteps.
[2020-03-07 13:47:55,222: DEBUG/MainProcess] | Worker: Building graph...
[2020-03-07 13:47:55,223: DEBUG/MainProcess] | Worker: New boot order: {Beat, Timer, Hub, Pool, Autoscaler, StateDB, Consumer}
[2020-03-07 13:47:55,392: DEBUG/MainProcess] | Consumer: Preparing bootsteps.
[2020-03-07 13:47:55,395: DEBUG/MainProcess] | Consumer: Building graph...
[2020-03-07 13:47:55,471: DEBUG/MainProcess] | Consumer: New boot order: {Connection, Events, Heart, Agent, Mingle, Tasks, Control, Gossip, event loop}
[2020-03-07 13:47:55,522: DEBUG/MainProcess] | Worker: Starting Hub
[2020-03-07 13:47:55,524: DEBUG/MainProcess] ^-- substep ok
[2020-03-07 13:47:55,525: DEBUG/MainProcess] | Worker: Starting Pool
[2020-03-07 13:47:55,669: DEBUG/MainProcess] ^-- substep ok
[2020-03-07 13:47:55,677: DEBUG/MainProcess] | Worker: Starting Consumer
[2020-03-07 13:47:55,684: DEBUG/MainProcess] | Consumer: Starting Connection
[2020-03-07 13:47:55,863: INFO/MainProcess] Connected to redis://localhost:6379/0
[2020-03-07 13:47:55,866: DEBUG/MainProcess] ^-- substep ok
[2020-03-07 13:47:55,868: DEBUG/MainProcess] | Consumer: Starting Events
[2020-03-07 13:47:55,889: DEBUG/MainProcess] ^-- substep ok
[2020-03-07 13:47:55,894: DEBUG/MainProcess] | Consumer: Starting Heart
[2020-03-07 13:47:55,979: DEBUG/MainProcess] ^-- substep ok
[2020-03-07 13:47:55,979: DEBUG/MainProcess] | Consumer: Starting Mingle
[2020-03-07 13:47:55,980: INFO/MainProcess] mingle: searching for neighbors
[2020-03-07 13:47:57,069: INFO/MainProcess] mingle: all alone
[2020-03-07 13:47:57,070: DEBUG/MainProcess] ^-- substep ok
[2020-03-07 13:47:57,070: DEBUG/MainProcess] | Consumer: Starting Tasks
[2020-03-07 13:47:57,135: DEBUG/MainProcess] ^-- substep ok
[2020-03-07 13:47:57,142: DEBUG/MainProcess] | Consumer: Starting Control
[2020-03-07 13:47:57,146: DEBUG/MainProcess] ^-- substep ok
[2020-03-07 13:47:57,146: DEBUG/MainProcess] | Consumer: Starting Gossip
[2020-03-07 13:47:57,153: DEBUG/MainProcess] ^-- substep ok
[2020-03-07 13:47:57,153: DEBUG/MainProcess] | Consumer: Starting event loop
[2020-03-07 13:47:57,153: DEBUG/MainProcess] | Worker: Hub.register Pool...
[2020-03-07 13:47:57,155: INFO/MainProcess] celery@alex-VB ready.
[2020-03-07 13:47:57,156: DEBUG/MainProcess] basic.qos: prefetch_count->4
